2024-12-01 18:12:26,349 ERROR: Unhandled exception: 404 Not Found: The requested URL was not found on the server. If you entered the URL manually please check your spelling and try again. [in C:\Users\thien\Documents\WorkSpace\Opensource\strapi\lcdp_service\app.py:113]
2024-12-01 18:53:30,260 ERROR: Unhandled exception: 404 Not Found: The requested URL was not found on the server. If you entered the URL manually please check your spelling and try again. [in C:\Users\thien\Documents\WorkSpace\Opensource\strapi\lcdp_service\app.py:117]
2024-12-01 18:53:30,343 ERROR: Unhandled exception: 404 Not Found: The requested URL was not found on the server. If you entered the URL manually please check your spelling and try again. [in C:\Users\thien\Documents\WorkSpace\Opensource\strapi\lcdp_service\app.py:117]
2024-12-01 18:55:25,167 INFO: Received payload: {'type': 'emergency_alert', 'title': 'Alert Title', 'content': 'Alert content', 'recipients': [{'email': 'nguyenhoanthien1312@gmail.com', 'phone': '84901234567', 'notification_channels': {'email': True, 'sms': False}}, {'email': 'tttt54141@gmail.com', 'phone': '84907654321', 'notification_channels': {'email': True, 'sms': False}}]} [in C:\Users\thien\Documents\WorkSpace\Opensource\strapi\lcdp_service\app.py:66]
2024-12-01 18:55:29,272 INFO: Enqueued email task for 2 recipients [in C:\Users\thien\Documents\WorkSpace\Opensource\strapi\lcdp_service\app.py:82]
2024-12-01 18:57:00,687 ERROR: Unhandled exception: 404 Not Found: The requested URL was not found on the server. If you entered the URL manually please check your spelling and try again. [in C:\Users\thien\Documents\WorkSpace\Opensource\strapi\lcdp_service\app.py:117]
2024-12-01 18:57:00,751 ERROR: Unhandled exception: 404 Not Found: The requested URL was not found on the server. If you entered the URL manually please check your spelling and try again. [in C:\Users\thien\Documents\WorkSpace\Opensource\strapi\lcdp_service\app.py:117]
2024-12-01 18:57:49,480 ERROR: Unhandled exception: 404 Not Found: The requested URL was not found on the server. If you entered the URL manually please check your spelling and try again. [in C:\Users\thien\Documents\WorkSpace\Opensource\strapi\lcdp_service\app.py:117]
2024-12-01 18:57:49,544 ERROR: Unhandled exception: 404 Not Found: The requested URL was not found on the server. If you entered the URL manually please check your spelling and try again. [in C:\Users\thien\Documents\WorkSpace\Opensource\strapi\lcdp_service\app.py:117]
2024-12-01 18:58:38,415 ERROR: Unhandled exception: 404 Not Found: The requested URL was not found on the server. If you entered the URL manually please check your spelling and try again. [in C:\Users\thien\Documents\WorkSpace\Opensource\strapi\lcdp_service\app.py:117]
2024-12-01 18:58:38,469 ERROR: Unhandled exception: 404 Not Found: The requested URL was not found on the server. If you entered the URL manually please check your spelling and try again. [in C:\Users\thien\Documents\WorkSpace\Opensource\strapi\lcdp_service\app.py:117]
2024-12-01 18:59:32,659 INFO: Received payload: {'type': 'emergency_alert', 'title': 'Alert Title', 'content': 'Alert content', 'recipients': [{'email': 'nguyenhoanthien1312@gmail.com', 'phone': '84901234567', 'notification_channels': {'email': True, 'sms': False}}, {'email': 'tttt54141@gmail.com', 'phone': '84907654321', 'notification_channels': {'email': True, 'sms': False}}]} [in C:\Users\thien\Documents\WorkSpace\Opensource\strapi\lcdp_service\app.py:66]
2024-12-01 18:59:32,674 INFO: Enqueued email task for 2 recipients [in C:\Users\thien\Documents\WorkSpace\Opensource\strapi\lcdp_service\app.py:82]
2024-12-01 18:59:41,813 INFO: Received payload: {'title': 'thong bao khan c2p', 'content': 'thiennguye1333n ', 'type': 'emergency_alert', 'recipients': [{'email': 'nguyenhoanthien1312@gmail.com', 'phone': '356496976', 'notification_channels': {'email': True, 'sms': False}}, {'email': 'nguyenhoanthien@gmail.com', 'phone': '962043095', 'notification_channels': {'email': True, 'sms': False}}]} [in C:\Users\thien\Documents\WorkSpace\Opensource\strapi\lcdp_service\app.py:66]
2024-12-01 18:59:41,825 INFO: Enqueued email task for 2 recipients [in C:\Users\thien\Documents\WorkSpace\Opensource\strapi\lcdp_service\app.py:82]
2024-12-01 18:59:41,857 INFO: Received payload: {'title': 'thong bao khan c2p', 'content': 'thiennguye1333n ', 'type': 'emergency_alert', 'recipients': [{'email': 'nguyenhoanthien1312@gmail.com', 'phone': '356496976', 'notification_channels': {'email': True, 'sms': False}}, {'email': 'nguyenhoanthien@gmail.com', 'phone': '962043095', 'notification_channels': {'email': True, 'sms': False}}]} [in C:\Users\thien\Documents\WorkSpace\Opensource\strapi\lcdp_service\app.py:66]
2024-12-01 18:59:41,867 INFO: Enqueued email task for 2 recipients [in C:\Users\thien\Documents\WorkSpace\Opensource\strapi\lcdp_service\app.py:82]
2024-12-01 19:04:51,633 INFO: Received payload: {'title': 'thong bao khan c2p1111', 'content': 'thiennguye1333n ', 'type': 'emergency_alert', 'recipients': [{'email': 'nguyenhoanthien1312@gmail.com', 'phone': '356496976', 'notification_channels': {'email': True, 'sms': False}}, {'email': 'nguyenhoanthien@gmail.com', 'phone': '962043095', 'notification_channels': {'email': True, 'sms': False}}]} [in C:\Users\thien\Documents\WorkSpace\Opensource\strapi\lcdp_service\app.py:66]
2024-12-01 19:04:51,648 INFO: Enqueued email task for 2 recipients [in C:\Users\thien\Documents\WorkSpace\Opensource\strapi\lcdp_service\app.py:82]
2024-12-01 19:04:51,675 INFO: Received payload: {'title': 'thong bao khan c2p1111', 'content': 'thiennguye1333n ', 'type': 'emergency_alert', 'recipients': [{'email': 'nguyenhoanthien1312@gmail.com', 'phone': '356496976', 'notification_channels': {'email': True, 'sms': False}}, {'email': 'nguyenhoanthien@gmail.com', 'phone': '962043095', 'notification_channels': {'email': True, 'sms': False}}]} [in C:\Users\thien\Documents\WorkSpace\Opensource\strapi\lcdp_service\app.py:66]
2024-12-01 19:04:51,686 INFO: Enqueued email task for 2 recipients [in C:\Users\thien\Documents\WorkSpace\Opensource\strapi\lcdp_service\app.py:82]
